[2025-07-23 23:19:18][INFO] Downloading 'https://piston-data.mojang.com/v1/objects/a19d9badbea944a4369fd0059e53bf7286597576/client.jar' to 'bluemap/minecraft-client-1.21.8.jar'...
[2025-07-23 23:19:19][INFO] Loading resources...
[2025-07-23 23:19:19][FINE] Loading resources from: bluemap/resourceExtensions.zip ...
[2025-07-23 23:19:19][FINE] Loading resources from: bluemap/minecraft-client-1.21.8.jar ...
[2025-07-23 23:19:19][FINE] Collecting texture-keys...
[2025-07-23 23:19:19][FINE] Found 1154 texture-keys.
[2025-07-23 23:19:19][FINE] Loading textures from: bluemap/resourceExtensions.zip ...
[2025-07-23 23:19:19][FINE] Loading textures from: bluemap/minecraft-client-1.21.8.jar ...
[2025-07-23 23:19:20][FINE] Baking resources...
[2025-07-23 23:19:21][INFO] Resources loaded.
[2025-07-23 23:19:21][FINE] Loading world world_the_end#minecraft:the_end ...
[2025-07-23 23:19:21][FINE] Loading datapack...
[2025-07-23 23:19:21][FINE] Loading datapack from: bluemap/resourceExtensions.zip ...
[2025-07-23 23:19:21][FINE] Loading datapack from: bluemap/minecraft-client-1.21.8.jar ...
[2025-07-23 23:19:21][FINE] Baking datapack...
[2025-07-23 23:19:21][FINE] Datapack loaded.
[2025-07-23 23:19:21][INFO] Initializing Storage: 'file' (Type: 'bluemap:file')
[2025-07-23 23:19:21][INFO] Loading map 'world_the_end'...
[2025-07-23 23:19:21][FINE] Loading render-state for map 'world_the_end'
[2025-07-23 23:19:21][FINE] Loading textures for map 'world_the_end'
[2025-07-23 23:19:21][FINE] Loading world world#minecraft:overworld ...
[2025-07-23 23:19:21][FINE] Loading datapack...
[2025-07-23 23:19:21][FINE] Loading datapack from: world/datapacks/bukkit ...
[2025-07-23 23:19:21][FINE] Loading datapack from: bluemap/resourceExtensions.zip ...
[2025-07-23 23:19:21][FINE] Loading datapack from: bluemap/minecraft-client-1.21.8.jar ...
[2025-07-23 23:19:21][FINE] Baking datapack...
[2025-07-23 23:19:21][FINE] Datapack loaded.
[2025-07-23 23:19:21][INFO] Loading map 'world'...
[2025-07-23 23:19:21][FINE] Loading render-state for map 'world'
[2025-07-23 23:19:21][FINE] Loading textures for map 'world'
[2025-07-23 23:19:21][FINE] Loading world world_nether#minecraft:the_nether ...
[2025-07-23 23:19:21][FINE] Loading datapack...
[2025-07-23 23:19:21][FINE] Loading datapack from: bluemap/resourceExtensions.zip ...
[2025-07-23 23:19:21][FINE] Loading datapack from: bluemap/minecraft-client-1.21.8.jar ...
[2025-07-23 23:19:21][FINE] Baking datapack...
[2025-07-23 23:19:21][FINE] Datapack loaded.
[2025-07-23 23:19:21][INFO] Loading map 'world_nether'...
[2025-07-23 23:19:21][FINE] Loading render-state for map 'world_nether'
[2025-07-23 23:19:21][FINE] Loading textures for map 'world_nether'
[2025-07-23 23:19:21][INFO] WebServer bound to all network interfaces on port 8100
[2025-07-23 23:19:21][INFO] WebServer started.
[2025-07-23 23:19:21][FINE] Started watching map 'world_the_end' for updates...
[2025-07-23 23:19:21][FINE] Started watching map 'world' for updates...
[2025-07-23 23:19:21][FINE] Started watching map 'world_nether' for updates...
[2025-07-23 23:22:28][FINE] Failed to load skin from mojang for player: '70a9b541-e6e9-3990-9e1e-0c95cddf8b1f' - java.io.IOException: java.lang.IllegalStateException: Not a JSON Object: null
[2025-07-23 23:22:28][FINE] No player-skin provided for UUID: 70a9b541-e6e9-3990-9e1e-0c95cddf8b1f
[2025-07-23 23:22:30][FINE] Scheduled update for region-file: (-1, -1) (Map: world)
[2025-07-23 23:22:30][FINE] Scheduled update for region-file: (0, -1) (Map: world)
[2025-07-23 23:22:34][FINE] Scheduled update for region-file: (-1, 0) (Map: world)
[2025-07-23 23:22:34][FINE] Scheduled update for region-file: (0, 0) (Map: world)
[2025-07-23 23:22:52][FINE] Scheduled update for region-file: (-1, -1) (Map: world)
[2025-07-23 23:22:53][FINE] Scheduled update for region-file: (0, -1) (Map: world)
[2025-07-23 23:22:53][FINE] Scheduled update for region-file: (0, 0) (Map: world)
[2025-07-23 23:27:25][FINE] Scheduled update for region-file: (-1, 0) (Map: world)
[2025-07-23 23:27:26][FINE] Scheduled update for region-file: (0, 0) (Map: world)
[2025-07-23 23:27:29][FINE] Scheduled update for region-file: (0, -1) (Map: world)
[2025-07-23 23:27:29][FINE] Scheduled update for region-file: (-1, -1) (Map: world)
[2025-07-23 23:27:34][FINE] Scheduled update for region-file: (-1, -1) (Map: world_nether)
[2025-07-23 23:27:34][FINE] Scheduled update for region-file: (-1, 0) (Map: world)
[2025-07-23 23:29:16][INFO] Stopping...
[2025-07-23 23:29:16][FINE] Stopped watching map 'world_the_end' for updates.
[2025-07-23 23:29:16][FINE] Stopped watching map 'world' for updates.
[2025-07-23 23:29:16][FINE] Stopped watching map 'world_nether' for updates.
